<?xml version="1.0" encoding="UTF-8"?>
<!-- Generated by org.testng.reporters.JUnitReportReporter -->
<testsuite skipped="2" hostname="JCPSI5W7R" name="com.project.TestDependency" tests="4" failures="0" timestamp="25 Oct 2021 06:12:53 GMT" time="0.003" errors="0">
  <testcase name="orange" time="0.001" classname="com.project.TestDependency"/>
  <testcase name="white" time="0.001" classname="com.project.TestDependency"/>
  <testcase name="blue" time="0.001" classname="com.project.TestDependency">
    <skipped/>
  </testcase> <!-- blue -->
  <testcase name="green" time="0.000" classname="com.project.TestDependency">
    <skipped/>
  </testcase> <!-- green -->
</testsuite> <!-- com.project.TestDependency -->
