<?xml version="1.0" encoding="UTF-8"?>
<!-- Generated by org.testng.reporters.JUnitReportReporter -->
<testsuite skipped="1" hostname="JCPSI5W7R" name="excelDataDrivens.DataManagementwithDataprovider" tests="1" failures="0" timestamp="25 Oct 2021 06:12:53 GMT" time="0.000" errors="0">
  <testcase name="f" time="0.000" classname="excelDataDrivens.DataManagementwithDataprovider">
    <skipped/>
  </testcase> <!-- f -->
</testsuite> <!-- excelDataDrivens.DataManagementwithDataprovider -->
