<?xml version="1.0" encoding="UTF-8"?>
<!-- Generated by org.testng.reporters.JUnitReportReporter -->
<testsuite skipped="1" hostname="JCPSI5W7R" name="com.project.TNG_002" tests="3" failures="0" timestamp="25 Oct 2021 06:12:53 GMT" time="0.005" errors="0">
  <testcase name="f" time="0.003" classname="com.project.TNG_002"/>
  <testcase name="a" time="0.002" classname="com.project.TNG_002"/>
  <testcase name="z" classname="com.project.TNG_002">
    <skipped/>
  </testcase> <!-- z -->
</testsuite> <!-- com.project.TNG_002 -->
