<?xml version="1.0" encoding="UTF-8"?>
<!-- Generated by org.testng.reporters.JUnitReportReporter -->
<testsuite skipped="0" hostname="JCPSI5W7R" name="com.project.TNG_004" tests="3" failures="0" timestamp="25 Oct 2021 06:12:53 GMT" time="0.001" errors="0">
  <testcase name="test1" time="0.000" classname="com.project.TNG_004"/>
  <testcase name="test2" time="0.001" classname="com.project.TNG_004"/>
  <testcase name="test3" time="0.000" classname="com.project.TNG_004"/>
</testsuite> <!-- com.project.TNG_004 -->
