<?xml version="1.0" encoding="UTF-8"?>
<!-- Generated by org.testng.reporters.JUnitReportReporter -->
<testsuite skipped="0" hostname="JCPSI5W7R" name="suiteA.TestA1" tests="1" failures="0" timestamp="25 Oct 2021 06:12:53 GMT" time="4.012" errors="0">
  <testcase name="f" time="4.012" classname="suiteA.TestA1"/>
</testsuite> <!-- suiteA.TestA1 -->
