<?xml version="1.0" encoding="UTF-8"?>
<!-- Generated by org.testng.reporters.JUnitReportReporter -->
<testsuite skipped="0" hostname="JCPSI5W7R" name="excelDataDrivens.NewTest" tests="2" failures="0" timestamp="25 Oct 2021 06:12:53 GMT" time="0.003" errors="0">
  <testcase name="f" time="0.002" classname="excelDataDrivens.NewTest"/>
  <testcase name="f" time="0.001" classname="excelDataDrivens.NewTest"/>
</testsuite> <!-- excelDataDrivens.NewTest -->
